d:\visualizer1\visualizer\geometry\x64\debug\geometry.pch
d:\visualizer1\visualizer\geometry\x64\debug\vc143.pdb
d:\visualizer1\visualizer\geometry\x64\debug\vc143.idb
d:\visualizer1\visualizer\geometry\x64\debug\pch.obj
d:\visualizer1\visualizer\geometry\x64\debug\point3d.obj
d:\visualizer1\visualizer\geometry\x64\debug\line.obj
d:\visualizer1\visualizer\geometry\x64\debug\geometry.obj
d:\visualizer1\visualizer\geometry\x64\debug\dllmain.obj
d:\visualizer1\visualizer\geometry\x64\debug\geometry.ilk
d:\visualizer1\visualizer\x64\debug\geometry.dll
d:\visualizer1\visualizer\x64\debug\geometry.pdb
d:\visualizer1\visualizer\x64\debug\geometry.lib
d:\visualizer1\visualizer\x64\debug\geometry.exp
d:\visualizer1\visualizer\geometry\x64\debug\geometry.tlog\cl.command.1.tlog
d:\visualizer1\visualizer\geometry\x64\debug\geometry.tlog\cl.items.tlog
d:\visualizer1\visualizer\geometry\x64\debug\geometry.tlog\cl.read.1.tlog
d:\visualizer1\visualizer\geometry\x64\debug\geometry.tlog\cl.write.1.tlog
d:\visualizer1\visualizer\geometry\x64\debug\geometry.tlog\link.command.1.tlog
d:\visualizer1\visualizer\geometry\x64\debug\geometry.tlog\link.read.1.tlog
d:\visualizer1\visualizer\geometry\x64\debug\geometry.tlog\link.write.1.tlog
d:\visualizer1\visualizer\geometry\x64\debug\geometry.tlog\link.write.2u.tlog
